#
# There is insufficient memory for the Java Runtime Environment to continue.
# Native memory allocation (malloc) failed to allocate 724976 bytes for Chunk::new
# Possible reasons:
#   The system is out of physical RAM or swap space
#   The process is running with CompressedOops enabled, and the Java Heap may be blocking the growth of the native heap
# Possible solutions:
#   Reduce memory load on the system
#   Increase physical memory or swap space
#   Check if swap backing store is full
#   Decrease Java heap size (-Xmx/-Xms)
#   Decrease number of Java threads
#   Decrease Java thread stack sizes (-Xss)
#   Set larger code cache with -XX:ReservedCodeCacheSize=
#   JVM is running with Zero Based Compressed Oops mode in which the Java heap is
#     placed in the first 32GB address space. The Java Heap base address is the
#     maximum limit for the native heap growth. Please use -XX:HeapBaseMinAddress
#     to set the Java Heap base and to place the Java Heap above 32GB virtual address.
# This output file may be truncated or incomplete.
#
#  Out of Memory Error (allocation.cpp:389), pid=15012, tid=0x00000000000015a0
#
# JRE version: Java(TM) SE Runtime Environment (8.0_221-b11) (build 1.8.0_221-b11)
# Java VM: Java HotSpot(TM) 64-Bit Server VM (25.221-b11 mixed mode windows-amd64 compressed oops)
# Failed to write core dump. Minidumps are not enabled by default on client versions of Windows
#

---------------  T H R E A D  ---------------

Current thread (0x000000001e7ea000):  JavaThread "C2 CompilerThread2" daemon [_thread_in_native, id=5536, stack(0x00000000200e0000,0x00000000201e0000)]

Stack: [0x00000000200e0000,0x00000000201e0000]
[error occurred during error reporting (printing stack bounds), id 0xc0000005]

Native frames: (J=compiled Java code, j=interpreted, Vv=VM code, C=native code)


Current CompileTask:
C2:   2000 2816   !   4       java.net.URLClassLoader$1::run (63 bytes)


---------------  P R O C E S S  ---------------

Java Threads: ( => current thread )
  0x000000001e891800 JavaThread "Service Thread" daemon [_thread_blocked, id=11968, stack(0x00000000202e0000,0x00000000203e0000)]
  0x000000001e7fc000 JavaThread "C1 CompilerThread3" daemon [_thread_blocked, id=8344, stack(0x00000000201e0000,0x00000000202e0000)]
=>0x000000001e7ea000 JavaThread "C2 CompilerThread2" daemon [_thread_in_native, id=5536, stack(0x00000000200e0000,0x00000000201e0000)]
  0x000000001e7e9800 JavaThread "C2 CompilerThread1" daemon [_thread_in_native, id=10768, stack(0x000000001ffe0000,0x00000000200e0000)]
  0x000000001e7e3800 JavaThread "C2 CompilerThread0" daemon [_thread_in_native, id=9396, stack(0x000000001fee0000,0x000000001ffe0000)]
  0x000000001e795800 JavaThread "Monitor Ctrl-Break" daemon [_thread_in_native, id=6848, stack(0x000000001fde0000,0x000000001fee0000)]
  0x000000001e777000 JavaThread "Attach Listener" daemon [_thread_blocked, id=10764, stack(0x000000001fce0000,0x000000001fde0000)]
  0x000000001e776000 JavaThread "Signal Dispatcher" daemon [_thread_blocked, id=14500, stack(0x000000001fbe0000,0x000000001fce0000)]
  0x000000001d092800 JavaThread "Finalizer" daemon [_thread_blocked, id=4812, stack(0x000000001f9c0000,0x000000001fac0000)]
  0x000000001e763000 JavaThread "Reference Handler" daemon [_thread_blocked, id=5892, stack(0x000000001f8c0000,0x000000001f9c0000)]
  0x00000000017be000 JavaThread "main" [_thread_in_vm, id=7000, stack(0x0000000002fd0000,0x00000000030d0000)]

Other Threads:
  0x000000001d085800 VMThread [stack: 0x000000001f7c0000,0x000000001f8c0000] [id=12428]
  0x000000001e89e800 WatcherThread [stack: 0x00000000203e0000,0x00000000204e0000] [id=10348]

VM state:not at safepoint (normal execution)

VM Mutex/Monitor currently owned by a thread: None

heap address: 0x00000006c0c00000, size: 4084 MB, Compressed Oops mode: Zero based, Oop shift amount: 3
Narrow klass base: 0x0000000000000000, Narrow klass shift: 3
Compressed class space size: 1073741824 Address: 0x00000007c0000000

Heap:
 PSYoungGen      total 76288K, used 49180K [0x000000076af00000, 0x0000000774400000, 0x00000007c0000000)
  eden space 65536K, 59% used [0x000000076af00000,0x000000076d4e6948,0x000000076ef00000)
  from space 10752K, 96% used [0x000000076f980000,0x00000007703a06d0,0x0000000770400000)
  to   space 10752K, 0% used [0x000000076ef00000,0x000000076ef00000,0x000000076f980000)
 ParOldGen       total 175104K, used 32K [0x00000006c0c00000, 0x00000006cb700000, 0x000000076af00000)
  object space 175104K, 0% used [0x00000006c0c00000,0x00000006c0c08000,0x00000006cb700000)
 Metaspace       used 18306K, capacity 18800K, committed 19072K, reserved 1067008K
  class space    used 2224K, capacity 2328K, committed 2432K, reserved 1048576K

Card table byte_map: [0x00000000127a0000,0x0000000012fa0000] byte_map_base: 0x000000000f19a000

Marking Bits: (ParMarkBitMap*) 0x00000000584b5ce0
 Begin Bits: [0x0000000013f00000, 0x0000000017ed0000)
 End Bits:   [0x0000000017ed0000, 0x000000001bea0000)

Polling page: 0x00000000017a0000

CodeCache: size=245760Kb used=9549Kb max_used=9549Kb free=236210Kb
 bounds [0x00000000033e0000, 0x0000000003d40000, 0x00000000123e0000]
 total_blobs=3181 nmethods=2823 adapters=271
 compilation: enabled

Compilation events (10 events):
Event: 1.979 Thread 0x000000001e7fc000 2818       3       java.net.FactoryURLClassLoader::loadClass (40 bytes)
Event: 1.980 Thread 0x000000001e7fc000 nmethod 2818 0x0000000003d37290 code [0x0000000003d37440, 0x0000000003d37a18]
Event: 1.998 Thread 0x000000001e7fc000 2819       1       com.sun.tools.javac.util.SharedNameTable$NameImpl::getByteLength (5 bytes)
Event: 1.998 Thread 0x000000001e7fc000 nmethod 2819 0x0000000003d36fd0 code [0x0000000003d37120, 0x0000000003d37230]
Event: 1.998 Thread 0x000000001e7fc000 2820       3       com.sun.tools.javac.util.Name$Table::hashValue (36 bytes)
Event: 1.999 Thread 0x000000001e7fc000 nmethod 2820 0x0000000003d36b10 code [0x0000000003d36c80, 0x0000000003d36e90]
Event: 1.999 Thread 0x000000001e7fc000 2821       1       com.sun.tools.javac.util.SharedNameTable$NameImpl::getByteOffset (5 bytes)
Event: 1.999 Thread 0x000000001e7fc000 nmethod 2821 0x0000000003d36850 code [0x0000000003d369a0, 0x0000000003d36ab0]
Event: 1.999 Thread 0x000000001e7fc000 2822       1       com.sun.tools.javac.util.SharedNameTable$NameImpl::hashCode (5 bytes)
Event: 1.999 Thread 0x000000001e7fc000 nmethod 2822 0x0000000003d36590 code [0x0000000003d366e0, 0x0000000003d367f0]

GC Heap History (4 events):
Event: 0.665 GC heap before
{Heap before GC invocations=1 (full 0):
 PSYoungGen      total 76288K, used 65536K [0x000000076af00000, 0x0000000770400000, 0x00000007c0000000)
  eden space 65536K, 100% used [0x000000076af00000,0x000000076ef00000,0x000000076ef00000)
  from space 10752K, 0% used [0x000000076f980000,0x000000076f980000,0x0000000770400000)
  to   space 10752K, 0% used [0x000000076ef00000,0x000000076ef00000,0x000000076f980000)
 ParOldGen       total 175104K, used 0K [0x00000006c0c00000, 0x00000006cb700000, 0x000000076af00000)
  object space 175104K, 0% used [0x00000006c0c00000,0x00000006c0c00000,0x00000006cb700000)
 Metaspace       used 11214K, capacity 11470K, committed 11776K, reserved 1058816K
  class space    used 1408K, capacity 1479K, committed 1536K, reserved 1048576K
Event: 0.672 GC heap after
Heap after GC invocations=1 (full 0):
 PSYoungGen      total 76288K, used 9004K [0x000000076af00000, 0x0000000770400000, 0x00000007c0000000)
  eden space 65536K, 0% used [0x000000076af00000,0x000000076af00000,0x000000076ef00000)
  from space 10752K, 83% used [0x000000076ef00000,0x000000076f7cb0a0,0x000000076f980000)
  to   space 10752K, 0% used [0x000000076f980000,0x000000076f980000,0x0000000770400000)
 ParOldGen       total 175104K, used 16K [0x00000006c0c00000, 0x00000006cb700000, 0x000000076af00000)
  object space 175104K, 0% used [0x00000006c0c00000,0x00000006c0c04000,0x00000006cb700000)
 Metaspace       used 11214K, capacity 11470K, committed 11776K, reserved 1058816K
  class space    used 1408K, capacity 1479K, committed 1536K, reserved 1048576K
}
Event: 1.484 GC heap before
{Heap before GC invocations=2 (full 0):
 PSYoungGen      total 76288K, used 74540K [0x000000076af00000, 0x0000000770400000, 0x00000007c0000000)
  eden space 65536K, 100% used [0x000000076af00000,0x000000076ef00000,0x000000076ef00000)
  from space 10752K, 83% used [0x000000076ef00000,0x000000076f7cb0a0,0x000000076f980000)
  to   space 10752K, 0% used [0x000000076f980000,0x000000076f980000,0x0000000770400000)
 ParOldGen       total 175104K, used 16K [0x00000006c0c00000, 0x00000006cb700000, 0x000000076af00000)
  object space 175104K, 0% used [0x00000006c0c00000,0x00000006c0c04000,0x00000006cb700000)
 Metaspace       used 16238K, capacity 16676K, committed 17024K, reserved 1064960K
  class space    used 1984K, capacity 2088K, committed 2176K, reserved 1048576K
Event: 1.496 GC heap after
Heap after GC invocations=2 (full 0):
 PSYoungGen      total 76288K, used 10369K [0x000000076af00000, 0x0000000774400000, 0x00000007c0000000)
  eden space 65536K, 0% used [0x000000076af00000,0x000000076af00000,0x000000076ef00000)
  from space 10752K, 96% used [0x000000076f980000,0x00000007703a06d0,0x0000000770400000)
  to   space 10752K, 0% used [0x000000076ef00000,0x000000076ef00000,0x000000076f980000)
 ParOldGen       total 175104K, used 32K [0x00000006c0c00000, 0x00000006cb700000, 0x000000076af00000)
  object space 175104K, 0% used [0x00000006c0c00000,0x00000006c0c08000,0x00000006cb700000)
 Metaspace       used 16238K, capacity 16676K, committed 17024K, reserved 1064960K
  class space    used 1984K, capacity 2088K, committed 2176K, reserved 1048576K
}

Deoptimization events (10 events):
Event: 1.619 Thread 0x00000000017be000 Uncommon trap: reason=speculate_class_check action=maybe_recompile pc=0x0000000003b3b884 method=java.nio.charset.CharsetDecoder.decode(Ljava/nio/ByteBuffer;Ljava/nio/CharBuffer;Z)Ljava/nio/charset/CoderResult; @ 57
Event: 1.619 Thread 0x00000000017be000 Uncommon trap: reason=speculate_class_check action=maybe_recompile pc=0x0000000003b0b714 method=java.nio.charset.CharsetDecoder.decode(Ljava/nio/ByteBuffer;Ljava/nio/CharBuffer;Z)Ljava/nio/charset/CoderResult; @ 57
Event: 1.620 Thread 0x00000000017be000 Uncommon trap: reason=speculate_class_check action=maybe_recompile pc=0x0000000003b0b714 method=java.nio.charset.CharsetDecoder.decode(Ljava/nio/ByteBuffer;Ljava/nio/CharBuffer;Z)Ljava/nio/charset/CoderResult; @ 57
Event: 1.672 Thread 0x00000000017be000 Uncommon trap: reason=null_check action=make_not_entrant pc=0x0000000003b10784 method=org.eclipse.sisu.inject.LocatedBeans$Itr.hasNext()Z @ 35
Event: 1.675 Thread 0x00000000017be000 Uncommon trap: reason=bimorphic action=maybe_recompile pc=0x000000000390b3d0 method=java.util.concurrent.ConcurrentHashMap.get(Ljava/lang/Object;)Ljava/lang/Object; @ 149
Event: 1.678 Thread 0x00000000017be000 Uncommon trap: reason=bimorphic action=maybe_recompile pc=0x000000000390b3d0 method=java.util.concurrent.ConcurrentHashMap.get(Ljava/lang/Object;)Ljava/lang/Object; @ 149
Event: 1.743 Thread 0x00000000017be000 Uncommon trap: reason=bimorphic action=maybe_recompile pc=0x000000000390b3d0 method=java.util.concurrent.ConcurrentHashMap.get(Ljava/lang/Object;)Ljava/lang/Object; @ 149
Event: 1.750 Thread 0x00000000017be000 Uncommon trap: reason=unstable_if action=reinterpret pc=0x0000000003b4cfac method=org.codehaus.plexus.util.xml.pull.MXParser.parseAttribute()C @ 995
Event: 1.770 Thread 0x00000000017be000 Uncommon trap: reason=bimorphic action=maybe_recompile pc=0x000000000390b3d0 method=java.util.concurrent.ConcurrentHashMap.get(Ljava/lang/Object;)Ljava/lang/Object; @ 149
Event: 1.882 Thread 0x00000000017be000 Uncommon trap: reason=unstable_if action=reinterpret pc=0x0000000003c4abac method=com.google.inject.internal.InjectorImpl.callInContext(Lcom/google/inject/internal/ContextualCallable;)Ljava/lang/Object; @ 161

Classes redefined (0 events):
No events

Internal exceptions (10 events):
Event: 0.445 Thread 0x00000000017be000 Exception <a 'java/lang/ArrayIndexOutOfBoundsException': 131> (0x000000076d29ee98) thrown at [C:\re\workspace\8-2-build-windows-amd64-cygwin\jdk8u221\13320\hotspot\src\share\vm\interpreter\interpreterRuntime.cpp, line 368]
Event: 0.789 Thread 0x00000000017be000 Exception <a 'java/lang/NoClassDefFoundError': com/google/inject/servlet/ServletModuleTargetVisitor> (0x000000076baaa7a8) thrown at [C:\re\workspace\8-2-build-windows-amd64-cygwin\jdk8u221\13320\hotspot\src\share\vm\classfile\systemDictionary.cpp, line 19
Event: 0.789 Thread 0x00000000017be000 Exception <a 'java/lang/NoClassDefFoundError'> (0x000000076baaa7a8) thrown at [C:\re\workspace\8-2-build-windows-amd64-cygwin\jdk8u221\13320\hotspot\src\share\vm\prims\jvm.cpp, line 1506]
Event: 0.789 Thread 0x00000000017be000 Exception <a 'java/lang/NoClassDefFoundError': javax/annotation/Priority> (0x000000076baaf5c8) thrown at [C:\re\workspace\8-2-build-windows-amd64-cygwin\jdk8u221\13320\hotspot\src\share\vm\classfile\systemDictionary.cpp, line 199]
Event: 0.862 Thread 0x00000000017be000 Implicit null exception at 0x00000000035ab35b to 0x00000000035ab54d
Event: 1.000 Thread 0x00000000017be000 Implicit null exception at 0x000000000368b255 to 0x000000000368b45d
Event: 1.053 Thread 0x00000000017be000 Implicit null exception at 0x00000000039b1a4c to 0x00000000039b2bdd
Event: 1.095 Thread 0x00000000017be000 Implicit null exception at 0x000000000371b4bb to 0x000000000371ba41
Event: 1.882 Thread 0x00000000017be000 Implicit null exception at 0x0000000003c49a46 to 0x0000000003c4ab91
Event: 1.920 Thread 0x00000000017be000 Exception <a 'java/lang/ClassNotFoundException': com/sun/tools/javac/api/JavacTool> (0x000000076ceec8d8) thrown at [C:\re\workspace\8-2-build-windows-amd64-cygwin\jdk8u221\13320\hotspot\src\share\vm\classfile\systemDictionary.cpp, line 210]

Events (10 events):
Event: 1.996 loading class com/sun/tools/javac/code/Type$ClassType$1
Event: 1.996 loading class com/sun/tools/javac/code/Type$ClassType$1 done
Event: 1.997 loading class com/sun/tools/javac/util/Filter
Event: 1.997 loading class com/sun/tools/javac/util/Filter done
Event: 1.997 loading class com/sun/tools/javac/code/Scope$Entry
Event: 1.997 loading class com/sun/tools/javac/code/Scope$Entry done
Event: 1.997 loading class com/sun/tools/javac/code/Scope$2
Event: 1.997 loading class com/sun/tools/javac/code/Scope$2 done
Event: 1.999 loading class com/sun/tools/javac/code/Symbol$MethodSymbol$1
Event: 1.999 loading class com/sun/tools/javac/code/Symbol$MethodSymbol$1 done


Dynamic libraries:
0x00007ff744410000 - 0x00007ff744447000 	C:\Program Files\Java\jdk1.8.0_221\bin\java.exe
0x00007fff806a0000 - 0x00007fff80890000 	C:\Windows\SYSTEM32\ntdll.dll
0x00007fff7eab0000 - 0x00007fff7eb62000 	C:\Windows\System32\KERNEL32.DLL
0x00007fff7e200000 - 0x00007fff7e4a5000 	C:\Windows\System32\KERNELBASE.dll
0x00007fff7fbf0000 - 0x00007fff7fc93000 	C:\Windows\System32\ADVAPI32.dll
0x00007fff7e820000 - 0x00007fff7e8be000 	C:\Windows\System32\msvcrt.dll
0x00007fff7f390000 - 0x00007fff7f427000 	C:\Windows\System32\sechost.dll
0x00007fff7eed0000 - 0x00007fff7eff0000 	C:\Windows\System32\RPCRT4.dll
0x00007fff7fd10000 - 0x00007fff7fea4000 	C:\Windows\System32\USER32.dll
0x00007fff7d8f0000 - 0x00007fff7d911000 	C:\Windows\System32\win32u.dll
0x00007fff7eb70000 - 0x00007fff7eb96000 	C:\Windows\System32\GDI32.dll
0x00007fff7d6d0000 - 0x00007fff7d866000 	C:\Windows\System32\gdi32full.dll
0x00007fff7d630000 - 0x00007fff7d6ce000 	C:\Windows\System32\msvcp_win.dll
0x00007fff7d920000 - 0x00007fff7da1a000 	C:\Windows\System32\ucrtbase.dll
0x00007fff6ec20000 - 0x00007fff6eea4000 	C:\Windows\WinSxS\amd64_microsoft.windows.common-controls_6595b64144ccf1df_6.0.18362.1139_none_9e7bf2d3e4605ac6\COMCTL32.dll
0x00007fff7feb0000 - 0x00007fff801e5000 	C:\Windows\System32\combase.dll
0x00007fff7e6d0000 - 0x00007fff7e750000 	C:\Windows\System32\bcryptPrimitives.dll
0x00007fff7f090000 - 0x00007fff7f0be000 	C:\Windows\System32\IMM32.DLL
0x00000000597c0000 - 0x0000000059892000 	C:\Program Files\Java\jdk1.8.0_221\jre\bin\msvcr100.dll
0x0000000057c90000 - 0x0000000058535000 	C:\Program Files\Java\jdk1.8.0_221\jre\bin\server\jvm.dll
0x00007fff7eeb0000 - 0x00007fff7eeb8000 	C:\Windows\System32\PSAPI.DLL
0x00007fff77460000 - 0x00007fff7746a000 	C:\Windows\SYSTEM32\VERSION.dll
0x00007fff79080000 - 0x00007fff79089000 	C:\Windows\SYSTEM32\WSOCK32.dll
0x00007fff7aed0000 - 0x00007fff7aef4000 	C:\Windows\SYSTEM32\WINMM.dll
0x00007fff7ee40000 - 0x00007fff7eeaf000 	C:\Windows\System32\WS2_32.dll
0x00007fff7ad40000 - 0x00007fff7ad6d000 	C:\Windows\SYSTEM32\winmmbase.dll
0x00007fff7d870000 - 0x00007fff7d8ba000 	C:\Windows\System32\cfgmgr32.dll
0x00007fff68c70000 - 0x00007fff68c7f000 	C:\Program Files\Java\jdk1.8.0_221\jre\bin\verify.dll
0x00007fff68c40000 - 0x00007fff68c69000 	C:\Program Files\Java\jdk1.8.0_221\jre\bin\java.dll
0x00007fff68c10000 - 0x00007fff68c33000 	C:\Program Files\Java\jdk1.8.0_221\jre\bin\instrument.dll
0x00007fff68bf0000 - 0x00007fff68c06000 	C:\Program Files\Java\jdk1.8.0_221\jre\bin\zip.dll
0x00007fff7f430000 - 0x00007fff7fb17000 	C:\Windows\System32\SHELL32.dll
0x00007fff7f0c0000 - 0x00007fff7f169000 	C:\Windows\System32\shcore.dll
0x00007fff7da20000 - 0x00007fff7e1a0000 	C:\Windows\System32\windows.storage.dll
0x00007fff7d590000 - 0x00007fff7d5b3000 	C:\Windows\System32\profapi.dll
0x00007fff7d5e0000 - 0x00007fff7d62a000 	C:\Windows\System32\powrprof.dll
0x00007fff7d560000 - 0x00007fff7d570000 	C:\Windows\System32\UMPDC.dll
0x00007fff7ec80000 - 0x00007fff7ecd2000 	C:\Windows\System32\shlwapi.dll
0x00007fff7d570000 - 0x00007fff7d581000 	C:\Windows\System32\kernel.appcore.dll
0x00007fff7e4b0000 - 0x00007fff7e4c7000 	C:\Windows\System32\cryptsp.dll
0x00007fff68a40000 - 0x00007fff68a5a000 	C:\Program Files\JetBrains\IntelliJ IDEA 2019.1.3\bin\breakgen64.dll
0x00007fff67f10000 - 0x00007fff67f2a000 	C:\Program Files\Java\jdk1.8.0_221\jre\bin\net.dll
0x00007fff6fdf0000 - 0x00007fff6ffc6000 	C:\Windows\SYSTEM32\urlmon.dll
0x00007fff70310000 - 0x00007fff705b7000 	C:\Windows\SYSTEM32\iertutil.dll
0x00007fff7cf80000 - 0x00007fff7cf8c000 	C:\Windows\SYSTEM32\CRYPTBASE.DLL
0x00007fff7cdb0000 - 0x00007fff7ce17000 	C:\Windows\system32\mswsock.dll
0x00007fff67ef0000 - 0x00007fff67f02000 	C:\Program Files\Java\jdk1.8.0_221\jre\bin\nio.dll

VM Arguments:
jvm_args: -Dmaven.multiModuleProjectDirectory=C:\Users\MAPC\Desktop\MexicanSpeak -Dmaven.home=C:\Program Files\JetBrains\IntelliJ IDEA 2019.1.3\plugins\maven\lib\maven3 -Dclassworlds.conf=C:\Program Files\JetBrains\IntelliJ IDEA 2019.1.3\plugins\maven\lib\maven3\bin\m2.conf -javaagent:C:\Program Files\JetBrains\IntelliJ IDEA 2019.1.3\lib\idea_rt.jar=1059:C:\Program Files\JetBrains\IntelliJ IDEA 2019.1.3\bin -Dfile.encoding=UTF-8 
java_command: org.codehaus.classworlds.Launcher -Didea.version2019.1.3 clean package
java_class_path (initial): C:\Program Files\JetBrains\IntelliJ IDEA 2019.1.3\plugins\maven\lib\maven3\boot\plexus-classworlds-2.5.2.jar;C:\Program Files\JetBrains\IntelliJ IDEA 2019.1.3\lib\idea_rt.jar
Launcher Type: SUN_STANDARD

Environment Variables:
PATH=C:\Program Files\Python38\Scripts\;C:\Program Files\Python38\;C:\Program Files (x86)\NVIDIA Corporation\PhysX\Common;C:\Program Files (x86)\Common Files\Oracle\Java\javapath;C:\ProgramData\Oracle\Java\javapath;C:\Windows\system32;C:\Windows;C:\Windows\System32\Wbem;C:\Windows\System32\WindowsPowerShell\v1.0\;C:\Windows\System32\OpenSSH\;C:\Program Files\dotnet\;E:\CMake\bin;C:\Program Files\Microsoft SQL Server\130\Tools\Binn\;C:\Program Files (x86)\Bitvise SSH Client;C:\Users\MAPC\AppData\Local\Programs\Python\Python37-32\Scripts\;C:\Users\MAPC\AppData\Local\Microsoft\WindowsApps;C:\Users\MAPC\AppData\Local\Programs\Python\Python38-32\;C:\Users\MAPC\AppData\Local\Programs\Python\Python38-32\Scripts\;F:\flutter\bin;C:\MinGW\bin;C:\Users\MAPC\AppData\Local\Programs\Python\Python39;C:\Users\MAPC\.dotnet\tools;C:\adb;C:\Program Files\Git\cmd;C:\Program Files\nodejs\;C:\ProgramData\chocolatey\bin;C:\Program Files\PuTTY\;C:\Users\MAPC\AppData\Local\Programs\Python\Python37-32\Scripts\;C:\Users\MAPC\AppData\Local\Microsoft\WindowsApps;C:\Users\MAPC\AppData\Local\Programs\Python\Python38-32\;C:\Users\MAPC\AppData\Local\Programs\Python\Python38-32\Scripts\;F:\flutter\bin;C:\MinGW\bin;C:\Users\MAPC\AppData\Local\Programs\Python\Python39;C:\Users\MAPC\.dotnet\tools;C:\Users\MAPC\AppData\Roaming\npm;C:\Users\MAPC\AppData\Roaming\Python\Python38\site-packages;C:\Users\MAPC\AppData\Roaming\Python\Python38\Scripts;
USERNAME=MAPC
OS=Windows_NT
PROCESSOR_IDENTIFIER=AMD64 Family 23 Model 8 Stepping 2, AuthenticAMD



---------------  S Y S T E M  ---------------

OS: Windows 10.0 , 64 bit Build 18362 (10.0.18362.1110)

CPU:total 12 (initial active 12) (12 cores per cpu, 1 threads per core) family 23 model 8 stepping 2, cmov, cx8, fxsr, mmx, sse, sse2, sse3, ssse3, sse4.1, sse4.2, popcnt, avx, avx2, aes, clmul, mmxext, 3dnowpref, lzcnt, sse4a, tsc, tscinvbit, tscinv, bmi1

Memory: 4k page, physical 16726816k(5129384k free), swap 27905312k(5164k free)

vm_info: Java HotSpot(TM) 64-Bit Server VM (25.221-b11) for windows-amd64 JRE (1.8.0_221-b11), built on Jul  4 2019 04:39:29 by "java_re" with MS VC++ 10.0 (VS2010)

time: Tue Jul 13 18:11:33 2021
timezone: Hora de verano central (México)
elapsed time: 2 seconds (0d 0h 0m 2s)

